Arguments: 
  C:\Program Files\nodejs\node.exe C:\Program Files (x86)\Yarn\bin\yarn.js add cors

PATH: 
  C:\Program Files (x86)\Common Files\Intel\Shared Libraries\redist\intel64\compiler;C:\Python38\Scripts\;C:\Python38\;C:\Program Files\AdoptOpenJDK\jdk-11.0.3.7-hotspot\bin;C:\Program Files (x86)\Common Files\Oracle\Java\javapath;C:\WINDOWS\system32;C:\WINDOWS;C:\WINDOWS\System32\Wbem;C:\WINDOWS\System32\WindowsPowerShell\v1.0\;C:\Program Files\Git\cmd;C:\WINDOWS\System32\OpenSSH\;C:\Program Files\dotnet\;C:\Program Files\Microsoft SQL Server\130\Tools\Binn\;C:\php\;C:\Program Files\MongoDB\Server\4.2\bin;C:\Program Files\nodejs\;C:\ProgramData\chocolatey\bin;C:\Program Files (x86)\Yarn\bin\;C:\Program Files\Microsoft SQL Server\Client SDK\ODBC\170\Tools\Binn\;C:\Users\FILIPE ROCHA\AppData\Local\Programs\Python\Python37-32\Scripts\;C:\Users\FILIPE ROCHA\AppData\Local\Programs\Python\Python37-32\;C:\Users\FILIPE ROCHA\AppData\Local\Microsoft\WindowsApps;C:\Users\FILIPE ROCHA\AppData\Local\Programs\Microsoft VS Code\bin;C:\Users\FILIPE ROCHA\AppData\Roaming\npm;C:\Users\FILIPE ROCHA\AppData\Local\Yarn\bin;C:\Users\FILIPE ROCHA\.dotnet\tools

Yarn version: 
  1.22.4

Node version: 
  14.8.0

Platform: 
  win32 x64

Trace: 
  Error: EPERM: operation not permitted, unlink 'A:\Rocketseat\Next_level_week_2\aula\server\node_modules\sqlite3\lib\binding\napi-v3-win32-x64\node_sqlite3.node'

npm manifest: 
  {
    "name": "server",
    "version": "1.0.0",
    "description": "",
    "main": "index.js",
    "scripts": {
      "start": "tsnd --transpile-only --ignore-watch node_modules --respawn src/server.ts",
      "knex:migrate": "knex --knexfile knexfile.ts migrate:latest",
      "knex:migrate:rollback": "knex --knexfile knexfile.ts migrate:rollback",
  
      "test": "echo \"Error: no test specified\" && exit 1"
    },
    "keywords": [],
    "author": "",
    "license": "ISC",
    "devDependencies": {
      "@types/express": "^4.17.8",
      "ts-node-dev": "^1.0.0",
      "typescript": "^4.0.3"
    },
    "dependencies": {
      "express": "^4.17.1",
      "knex": "^0.21.6",
      "sqlite3": "^5.0.0"
    }
  }

yarn manifest: 
  No manifest

Lockfile: 
  No lockfile
